<?xml version="1.0" encoding="UTF-8"?>
<!-- Generated by org.testng.reporters.JUnitXMLReporter -->
<testsuite ignored="0" hostname="AliNoor" failures="0" tests="12" name="Accounts Page Test" time="48.249" errors="0" timestamp="2023-08-03T12:21:57 EDT">
  <testcase classname="com.qa.opencart.tests.AccountsPageTest" name="accPageTitleTest" time="0.051"/>
  <testcase classname="com.qa.opencart.tests.AccountsPageTest" name="accPageURLTest" time="0.036"/>
  <testcase classname="com.qa.opencart.tests.AccountsPageTest" name="isLogoutLinkExistTest" time="0.194"/>
  <testcase classname="com.qa.opencart.tests.AccountsPageTest" name="accPageHeadersCountTest" time="0.215"/>
  <testcase classname="com.qa.opencart.tests.AccountsPageTest" name="accPageHeadersValuesTest" time="0.191"/>
  <testcase classname="com.qa.opencart.tests.AccountsPageTest" name="SearchProductCountTest" time="3.683"/>
  <testcase classname="com.qa.opencart.tests.AccountsPageTest" name="SearchProductCountTest" time="4.1"/>
  <testcase classname="com.qa.opencart.tests.AccountsPageTest" name="SearchProductCountTest" time="3.774"/>
  <testcase classname="com.qa.opencart.tests.AccountsPageTest" name="SearchProductCountTest" time="4.972"/>
  <testcase classname="com.qa.opencart.tests.AccountsPageTest" name="SearchProductTest" time="5.945"/>
  <testcase classname="com.qa.opencart.tests.AccountsPageTest" name="SearchProductTest" time="5.163"/>
  <testcase classname="com.qa.opencart.tests.AccountsPageTest" name="SearchProductTest" time="4.633"/>
</testsuite> <!-- Accounts Page Test -->
