<?xml version="1.0" encoding="UTF-8"?>
<!-- Generated by org.testng.reporters.JUnitXMLReporter -->
<testsuite ignored="0" hostname="AliNoor" failures="0" tests="4" name="Login Page Test" time="15.731" errors="0" timestamp="2023-08-03T12:21:24 EDT">
  <testcase classname="com.qa.opencart.tests.LoginPageTest" name="loginPageTest" time="0.207"/>
  <testcase classname="com.qa.opencart.tests.LoginPageTest" name="loginPageURLTest" time="0.121"/>
  <testcase classname="com.qa.opencart.tests.LoginPageTest" name="forgotPwdLinkExistTest" time="0.209"/>
  <testcase classname="com.qa.opencart.tests.LoginPageTest" name="loginTest" time="4.374"/>
</testsuite> <!-- Login Page Test -->
