<?xml version="1.0" encoding="UTF-8"?>
<!-- Generated by org.testng.reporters.JUnitXMLReporter -->
<testsuite ignored="0" hostname="AliNoor" failures="0" tests="6" name="Product Info Page Test" time="49.073" errors="0" timestamp="2023-08-03T12:21:57 EDT">
  <testcase classname="com.qa.opencart.tests.ProductPageInfoTest" name="addToCartTest" time="8.447"/>
  <testcase classname="com.qa.opencart.tests.ProductPageInfoTest" name="productImagesCountTest" time="4.308"/>
  <testcase classname="com.qa.opencart.tests.ProductPageInfoTest" name="productImagesCountTest" time="8.15"/>
  <testcase classname="com.qa.opencart.tests.ProductPageInfoTest" name="productImagesCountTest" time="3.84"/>
  <testcase classname="com.qa.opencart.tests.ProductPageInfoTest" name="productImagesCountTest" time="4.567"/>
  <testcase classname="com.qa.opencart.tests.ProductPageInfoTest" name="productInfoTest" time="4.601"/>
</testsuite> <!-- Product Info Page Test -->
