<?xml version="1.0" encoding="UTF-8"?>
<!-- Generated by org.testng.reporters.JUnitXMLReporter -->
<testsuite ignored="0" hostname="AliNoor" failures="0" tests="6" name="Product Info Page Test" time="51.944" errors="0" timestamp="2023-08-03T16:44:20 EDT">
  <testcase classname="com.qa.opencart.tests.ProductPageInfoTest" name="addToCartTest" time="8.685"/>
  <testcase classname="com.qa.opencart.tests.ProductPageInfoTest" name="productImagesCountTest" time="4.2"/>
  <testcase classname="com.qa.opencart.tests.ProductPageInfoTest" name="productImagesCountTest" time="6.404"/>
  <testcase classname="com.qa.opencart.tests.ProductPageInfoTest" name="productImagesCountTest" time="5.987"/>
  <testcase classname="com.qa.opencart.tests.ProductPageInfoTest" name="productImagesCountTest" time="3.98"/>
  <testcase classname="com.qa.opencart.tests.ProductPageInfoTest" name="productInfoTest" time="5.441"/>
</testsuite> <!-- Product Info Page Test -->
