<?xml version="1.0" encoding="UTF-8"?>
<!-- Generated by org.testng.reporters.JUnitXMLReporter -->
<testsuite ignored="0" hostname="AliNoor" failures="0" tests="3" name="Register Page Test" time="66.749" errors="0" timestamp="2023-08-03T16:44:35 EDT">
  <testcase classname="com.qa.opencart.tests.RegisterPageTest" name="userRegTest" time="21.268"/>
  <testcase classname="com.qa.opencart.tests.RegisterPageTest" name="userRegTest" time="15.615"/>
  <testcase classname="com.qa.opencart.tests.RegisterPageTest" name="userRegTest" time="12.497"/>
</testsuite> <!-- Register Page Test -->
