<?xml version="1.0" encoding="UTF-8"?>
<!-- Generated by org.testng.reporters.JUnitXMLReporter -->
<testsuite ignored="0" hostname="AliNoor" failures="0" tests="3" name="Register Page Test" time="54.26" errors="0" timestamp="2023-08-03T12:22:03 EDT">
  <testcase classname="com.qa.opencart.tests.RegisterPageTest" name="userRegTest" time="14.901"/>
  <testcase classname="com.qa.opencart.tests.RegisterPageTest" name="userRegTest" time="13.667"/>
  <testcase classname="com.qa.opencart.tests.RegisterPageTest" name="userRegTest" time="12.266"/>
</testsuite> <!-- Register Page Test -->
