<?xml version="1.0" encoding="UTF-8"?>
<!-- Generated by org.testng.reporters.JUnitXMLReporter -->
<testsuite ignored="0" hostname="AliNoor" failures="0" tests="12" name="Default test" time="37.693" errors="0" timestamp="2023-08-07T12:29:42 EDT">
  <testcase classname="com.qa.opencart.tests.AccountsPageTest" name="accPageTitleTest" time="0.124"/>
  <testcase classname="com.qa.opencart.tests.AccountsPageTest" name="accPageURLTest" time="0.032"/>
  <testcase classname="com.qa.opencart.tests.AccountsPageTest" name="isLogoutLinkExistTest" time="0.131"/>
  <testcase classname="com.qa.opencart.tests.AccountsPageTest" name="accPageHeadersCountTest" time="0.168"/>
  <testcase classname="com.qa.opencart.tests.AccountsPageTest" name="accPageHeadersValuesTest" time="0.154"/>
  <testcase classname="com.qa.opencart.tests.AccountsPageTest" name="SearchProductCountTest" time="2.344"/>
  <testcase classname="com.qa.opencart.tests.AccountsPageTest" name="SearchProductCountTest" time="2.1"/>
  <testcase classname="com.qa.opencart.tests.AccountsPageTest" name="SearchProductCountTest" time="2.923"/>
  <testcase classname="com.qa.opencart.tests.AccountsPageTest" name="SearchProductCountTest" time="2.631"/>
  <testcase classname="com.qa.opencart.tests.AccountsPageTest" name="SearchProductTest" time="5.624"/>
  <testcase classname="com.qa.opencart.tests.AccountsPageTest" name="SearchProductTest" time="3.899"/>
  <testcase classname="com.qa.opencart.tests.AccountsPageTest" name="SearchProductTest" time="4.06"/>
</testsuite> <!-- Default test -->
