<?xml version="1.0" encoding="UTF-8"?>
<!-- Generated by org.testng.reporters.JUnitXMLReporter -->
<testsuite ignored="3" hostname="AliNoor" failures="0" tests="1" name="Default test" time="7.228" errors="0" timestamp="2023-08-03T11:50:20 EDT">
  <testcase classname="com.qa.opencart.tests.LoginPageTest" name="loginPageTest" time="0.06"/>
  <testcase classname="com.qa.opencart.tests.LoginPageTest" name="forgotPwdLinkExistTest" time="0.0">
    <ignored/>
  </testcase> <!-- forgotPwdLinkExistTest -->
  <testcase classname="com.qa.opencart.tests.LoginPageTest" name="loginTest" time="0.0">
    <ignored/>
  </testcase> <!-- loginTest -->
  <testcase classname="com.qa.opencart.tests.LoginPageTest" name="loginPageURLTest" time="0.0">
    <ignored/>
  </testcase> <!-- loginPageURLTest -->
</testsuite> <!-- Default test -->
