<?xml version="1.0" encoding="UTF-8"?>
<!-- Generated by org.testng.reporters.JUnitXMLReporter -->
<testsuite ignored="0" hostname="AliNoor" failures="0" tests="4" name="Login Page Test" time="16.714" errors="0" timestamp="2023-08-04T22:41:58 EDT">
  <testcase classname="com.qa.opencart.tests.LoginPageTest" name="loginPageTest" time="0.164"/>
  <testcase classname="com.qa.opencart.tests.LoginPageTest" name="loginPageURLTest" time="0.026"/>
  <testcase classname="com.qa.opencart.tests.LoginPageTest" name="forgotPwdLinkExistTest" time="0.155"/>
  <testcase classname="com.qa.opencart.tests.LoginPageTest" name="loginTest" time="3.32"/>
</testsuite> <!-- Login Page Test -->
