<?xml version="1.0" encoding="UTF-8"?>
<!-- Generated by org.testng.reporters.JUnitXMLReporter -->
<testsuite ignored="0" hostname="AliNoor" failures="0" tests="4" name="Login Page Test" time="13.341" errors="0" timestamp="2023-08-07T13:37:57 EDT">
  <testcase classname="com.qa.opencart.tests.LoginPageTest" name="loginPageTest" time="0.129"/>
  <testcase classname="com.qa.opencart.tests.LoginPageTest" name="loginPageURLTest" time="0.038"/>
  <testcase classname="com.qa.opencart.tests.LoginPageTest" name="forgotPwdLinkExistTest" time="0.123"/>
  <testcase classname="com.qa.opencart.tests.LoginPageTest" name="loginTest" time="2.699"/>
</testsuite> <!-- Login Page Test -->
