<?xml version="1.0" encoding="UTF-8"?>
<testng-results ignored="0" total="4" passed="4" failed="0" skipped="0">
  <reporter-output>
  </reporter-output>
  <suite started-at="2023-08-03T19:13:35 EDT" name="Opencart App Test Regression Suite" finished-at="2023-08-03T19:13:48 EDT" duration-ms="13242">
    <groups>
    </groups>
    <test started-at="2023-08-03T19:13:35 EDT" name="Login Page Test" finished-at="2023-08-03T19:13:48 EDT" duration-ms="13242">
      <class name="com.qa.opencart.tests.LoginPageTest">
        <test-method is-config="true" signature="setup()[pri:0, instance:com.qa.opencart.tests.LoginPageTest@6e57b5e9]" started-at="2023-08-03T19:13:35 EDT" name="setup" finished-at="2023-08-03T19:13:43 EDT" duration-ms="8077" status="PASS">
          <reporter-output>
          </reporter-output>
        </test-method> <!-- setup -->
        <test-method signature="loginPageTest()[pri:1, instance:com.qa.opencart.tests.LoginPageTest@6e57b5e9]" started-at="2023-08-03T19:13:43 EDT" name="loginPageTest" finished-at="2023-08-03T19:13:43 EDT" duration-ms="83" status="PASS">
          <reporter-output>
          </reporter-output>
        </test-method> <!-- loginPageTest -->
        <test-method signature="loginPageURLTest()[pri:2, instance:com.qa.opencart.tests.LoginPageTest@6e57b5e9]" started-at="2023-08-03T19:13:43 EDT" name="loginPageURLTest" finished-at="2023-08-03T19:13:43 EDT" duration-ms="23" status="PASS">
          <reporter-output>
          </reporter-output>
        </test-method> <!-- loginPageURLTest -->
        <test-method signature="forgotPwdLinkExistTest()[pri:3, instance:com.qa.opencart.tests.LoginPageTest@6e57b5e9]" started-at="2023-08-03T19:13:43 EDT" name="forgotPwdLinkExistTest" finished-at="2023-08-03T19:13:43 EDT" duration-ms="98" status="PASS">
          <reporter-output>
          </reporter-output>
        </test-method> <!-- forgotPwdLinkExistTest -->
        <test-method signature="loginTest()[pri:4, instance:com.qa.opencart.tests.LoginPageTest@6e57b5e9]" started-at="2023-08-03T19:13:43 EDT" name="loginTest" finished-at="2023-08-03T19:13:47 EDT" duration-ms="3513" status="PASS">
          <reporter-output>
          </reporter-output>
        </test-method> <!-- loginTest -->
        <test-method is-config="true" signature="tearDown()[pri:0, instance:com.qa.opencart.tests.LoginPageTest@6e57b5e9]" started-at="2023-08-03T19:13:47 EDT" name="tearDown" finished-at="2023-08-03T19:13:48 EDT" duration-ms="1138" status="PASS">
          <reporter-output>
          </reporter-output>
        </test-method> <!-- tearDown -->
      </class> <!-- com.qa.opencart.tests.LoginPageTest -->
    </test> <!-- Login Page Test -->
  </suite> <!-- Opencart App Test Regression Suite -->
</testng-results>
