<?xml version="1.0" encoding="UTF-8"?>
<testng-results ignored="0" total="25" passed="25" failed="0" skipped="0">
  <reporter-output>
  </reporter-output>
  <suite started-at="2023-08-03T12:21:08 EDT" name="Opencart App Test Regression Suite" finished-at="2023-08-03T12:22:03 EDT" duration-ms="54260">
    <groups>
    </groups>
    <test started-at="2023-08-03T12:21:08 EDT" name="Login Page Test" finished-at="2023-08-03T12:21:24 EDT" duration-ms="15731">
      <class name="com.qa.opencart.tests.LoginPageTest">
        <test-method is-config="true" signature="setup()[pri:0, instance:com.qa.opencart.tests.LoginPageTest@74e28667]" started-at="2023-08-03T12:21:08 EDT" name="setup" finished-at="2023-08-03T12:21:17 EDT" duration-ms="8696" status="PASS">
          <reporter-output>
          </reporter-output>
        </test-method> <!-- setup -->
        <test-method signature="loginPageTest()[pri:1, instance:com.qa.opencart.tests.LoginPageTest@74e28667]" started-at="2023-08-03T12:21:17 EDT" name="loginPageTest" finished-at="2023-08-03T12:21:17 EDT" duration-ms="207" status="PASS">
          <reporter-output>
          </reporter-output>
        </test-method> <!-- loginPageTest -->
        <test-method signature="loginPageURLTest()[pri:2, instance:com.qa.opencart.tests.LoginPageTest@74e28667]" started-at="2023-08-03T12:21:18 EDT" name="loginPageURLTest" finished-at="2023-08-03T12:21:18 EDT" duration-ms="121" status="PASS">
          <reporter-output>
          </reporter-output>
        </test-method> <!-- loginPageURLTest -->
        <test-method signature="forgotPwdLinkExistTest()[pri:3, instance:com.qa.opencart.tests.LoginPageTest@74e28667]" started-at="2023-08-03T12:21:18 EDT" name="forgotPwdLinkExistTest" finished-at="2023-08-03T12:21:18 EDT" duration-ms="209" status="PASS">
          <reporter-output>
          </reporter-output>
        </test-method> <!-- forgotPwdLinkExistTest -->
        <test-method signature="loginTest()[pri:4, instance:com.qa.opencart.tests.LoginPageTest@74e28667]" started-at="2023-08-03T12:21:18 EDT" name="loginTest" finished-at="2023-08-03T12:21:22 EDT" duration-ms="4374" status="PASS">
          <reporter-output>
          </reporter-output>
        </test-method> <!-- loginTest -->
        <test-method is-config="true" signature="tearDown()[pri:0, instance:com.qa.opencart.tests.LoginPageTest@74e28667]" started-at="2023-08-03T12:21:22 EDT" name="tearDown" finished-at="2023-08-03T12:21:24 EDT" duration-ms="1768" status="PASS">
          <reporter-output>
          </reporter-output>
        </test-method> <!-- tearDown -->
      </class> <!-- com.qa.opencart.tests.LoginPageTest -->
    </test> <!-- Login Page Test -->
    <test started-at="2023-08-03T12:21:08 EDT" name="Accounts Page Test" finished-at="2023-08-03T12:21:57 EDT" duration-ms="48249">
      <class name="com.qa.opencart.tests.AccountsPageTest">
        <test-method is-config="true" signature="setup()[pri:0, instance:com.qa.opencart.tests.AccountsPageTest@359df09a]" started-at="2023-08-03T12:21:08 EDT" name="setup" finished-at="2023-08-03T12:21:17 EDT" duration-ms="8910" status="PASS">
          <reporter-output>
          </reporter-output>
        </test-method> <!-- setup -->
        <test-method is-config="true" signature="accPageSetup()[pri:0, instance:com.qa.opencart.tests.AccountsPageTest@359df09a]" started-at="2023-08-03T12:21:17 EDT" name="accPageSetup" finished-at="2023-08-03T12:21:23 EDT" duration-ms="5686" status="PASS">
          <reporter-output>
          </reporter-output>
        </test-method> <!-- accPageSetup -->
        <test-method signature="accPageTitleTest()[pri:1, instance:com.qa.opencart.tests.AccountsPageTest@359df09a]" started-at="2023-08-03T12:21:23 EDT" name="accPageTitleTest" finished-at="2023-08-03T12:21:23 EDT" duration-ms="51" status="PASS">
          <reporter-output>
          </reporter-output>
        </test-method> <!-- accPageTitleTest -->
        <test-method signature="accPageURLTest()[pri:2, instance:com.qa.opencart.tests.AccountsPageTest@359df09a]" started-at="2023-08-03T12:21:23 EDT" name="accPageURLTest" finished-at="2023-08-03T12:21:23 EDT" duration-ms="36" status="PASS">
          <reporter-output>
          </reporter-output>
        </test-method> <!-- accPageURLTest -->
        <test-method signature="isLogoutLinkExistTest()[pri:3, instance:com.qa.opencart.tests.AccountsPageTest@359df09a]" started-at="2023-08-03T12:21:23 EDT" name="isLogoutLinkExistTest" finished-at="2023-08-03T12:21:23 EDT" duration-ms="194" status="PASS">
          <reporter-output>
          </reporter-output>
        </test-method> <!-- isLogoutLinkExistTest -->
        <test-method signature="accPageHeadersCountTest()[pri:4, instance:com.qa.opencart.tests.AccountsPageTest@359df09a]" started-at="2023-08-03T12:21:23 EDT" name="accPageHeadersCountTest" finished-at="2023-08-03T12:21:23 EDT" duration-ms="215" status="PASS">
          <reporter-output>
          </reporter-output>
        </test-method> <!-- accPageHeadersCountTest -->
        <test-method signature="accPageHeadersValuesTest()[pri:5, instance:com.qa.opencart.tests.AccountsPageTest@359df09a]" started-at="2023-08-03T12:21:23 EDT" name="accPageHeadersValuesTest" finished-at="2023-08-03T12:21:24 EDT" duration-ms="191" status="PASS">
          <reporter-output>
          </reporter-output>
        </test-method> <!-- accPageHeadersValuesTest -->
        <test-method signature="SearchProductCountTest(java.lang.String)[pri:6, instance:com.qa.opencart.tests.AccountsPageTest@359df09a]" started-at="2023-08-03T12:21:24 EDT" name="SearchProductCountTest" data-provider="getProductDate" finished-at="2023-08-03T12:21:27 EDT" duration-ms="3683" status="PASS">
          <params>
            <param index="0">
              <value>
                <![CDATA[Macbook]]>
              </value>
            </param>
          </params>
          <reporter-output>
          </reporter-output>
        </test-method> <!-- SearchProductCountTest -->
        <test-method signature="SearchProductCountTest(java.lang.String)[pri:6, instance:com.qa.opencart.tests.AccountsPageTest@359df09a]" started-at="2023-08-03T12:21:27 EDT" name="SearchProductCountTest" data-provider="getProductDate" finished-at="2023-08-03T12:21:31 EDT" duration-ms="4100" status="PASS">
          <params>
            <param index="0">
              <value>
                <![CDATA[iMac]]>
              </value>
            </param>
          </params>
          <reporter-output>
          </reporter-output>
        </test-method> <!-- SearchProductCountTest -->
        <test-method signature="SearchProductCountTest(java.lang.String)[pri:6, instance:com.qa.opencart.tests.AccountsPageTest@359df09a]" started-at="2023-08-03T12:21:31 EDT" name="SearchProductCountTest" data-provider="getProductDate" finished-at="2023-08-03T12:21:35 EDT" duration-ms="3774" status="PASS">
          <params>
            <param index="0">
              <value>
                <![CDATA[Apple]]>
              </value>
            </param>
          </params>
          <reporter-output>
          </reporter-output>
        </test-method> <!-- SearchProductCountTest -->
        <test-method signature="SearchProductCountTest(java.lang.String)[pri:6, instance:com.qa.opencart.tests.AccountsPageTest@359df09a]" started-at="2023-08-03T12:21:35 EDT" name="SearchProductCountTest" data-provider="getProductDate" finished-at="2023-08-03T12:21:40 EDT" duration-ms="4972" status="PASS">
          <params>
            <param index="0">
              <value>
                <![CDATA[Samsung]]>
              </value>
            </param>
          </params>
          <reporter-output>
          </reporter-output>
        </test-method> <!-- SearchProductCountTest -->
        <test-method signature="SearchProductTest(java.lang.String,java.lang.String)[pri:7, instance:com.qa.opencart.tests.AccountsPageTest@359df09a]" started-at="2023-08-03T12:21:40 EDT" name="SearchProductTest" data-provider="getProductTestDate" finished-at="2023-08-03T12:21:46 EDT" duration-ms="5945" status="PASS">
          <params>
            <param index="0">
              <value>
                <![CDATA[Macbook]]>
              </value>
            </param>
            <param index="1">
              <value>
                <![CDATA[MacBook Pro]]>
              </value>
            </param>
          </params>
          <reporter-output>
          </reporter-output>
        </test-method> <!-- SearchProductTest -->
        <test-method signature="SearchProductTest(java.lang.String,java.lang.String)[pri:7, instance:com.qa.opencart.tests.AccountsPageTest@359df09a]" started-at="2023-08-03T12:21:46 EDT" name="SearchProductTest" data-provider="getProductTestDate" finished-at="2023-08-03T12:21:51 EDT" duration-ms="5163" status="PASS">
          <params>
            <param index="0">
              <value>
                <![CDATA[Macbook]]>
              </value>
            </param>
            <param index="1">
              <value>
                <![CDATA[MacBook]]>
              </value>
            </param>
          </params>
          <reporter-output>
          </reporter-output>
        </test-method> <!-- SearchProductTest -->
        <test-method signature="SearchProductTest(java.lang.String,java.lang.String)[pri:7, instance:com.qa.opencart.tests.AccountsPageTest@359df09a]" started-at="2023-08-03T12:21:51 EDT" name="SearchProductTest" data-provider="getProductTestDate" finished-at="2023-08-03T12:21:56 EDT" duration-ms="4633" status="PASS">
          <params>
            <param index="0">
              <value>
                <![CDATA[iMac]]>
              </value>
            </param>
            <param index="1">
              <value>
                <![CDATA[iMac]]>
              </value>
            </param>
          </params>
          <reporter-output>
          </reporter-output>
        </test-method> <!-- SearchProductTest -->
        <test-method is-config="true" signature="tearDown()[pri:0, instance:com.qa.opencart.tests.AccountsPageTest@359df09a]" started-at="2023-08-03T12:21:56 EDT" name="tearDown" finished-at="2023-08-03T12:21:57 EDT" duration-ms="609" status="PASS">
          <reporter-output>
          </reporter-output>
        </test-method> <!-- tearDown -->
      </class> <!-- com.qa.opencart.tests.AccountsPageTest -->
    </test> <!-- Accounts Page Test -->
    <test started-at="2023-08-03T12:21:08 EDT" name="Product Info Page Test" finished-at="2023-08-03T12:21:57 EDT" duration-ms="49073">
      <class name="com.qa.opencart.tests.ProductPageInfoTest">
        <test-method is-config="true" signature="setup()[pri:0, instance:com.qa.opencart.tests.ProductPageInfoTest@1972e513]" started-at="2023-08-03T12:21:08 EDT" name="setup" finished-at="2023-08-03T12:21:18 EDT" duration-ms="9392" status="PASS">
          <reporter-output>
          </reporter-output>
        </test-method> <!-- setup -->
        <test-method is-config="true" signature="accPageSetup()[pri:0, instance:com.qa.opencart.tests.ProductPageInfoTest@1972e513]" started-at="2023-08-03T12:21:18 EDT" name="accPageSetup" finished-at="2023-08-03T12:21:23 EDT" duration-ms="5291" status="PASS">
          <reporter-output>
          </reporter-output>
        </test-method> <!-- accPageSetup -->
        <test-method signature="addToCartTest()[pri:0, instance:com.qa.opencart.tests.ProductPageInfoTest@1972e513]" started-at="2023-08-03T12:21:23 EDT" name="addToCartTest" finished-at="2023-08-03T12:21:31 EDT" duration-ms="8447" status="PASS">
          <reporter-output>
          </reporter-output>
        </test-method> <!-- addToCartTest -->
        <test-method signature="productImagesCountTest(java.lang.String,java.lang.String,int)[pri:0, instance:com.qa.opencart.tests.ProductPageInfoTest@1972e513]" started-at="2023-08-03T12:21:31 EDT" name="productImagesCountTest" data-provider="getProductImageTestDate" finished-at="2023-08-03T12:21:36 EDT" duration-ms="4308" status="PASS">
          <params>
            <param index="0">
              <value>
                <![CDATA[Macbook]]>
              </value>
            </param>
            <param index="1">
              <value>
                <![CDATA[MacBook Pro]]>
              </value>
            </param>
            <param index="2">
              <value>
                <![CDATA[4]]>
              </value>
            </param>
          </params>
          <reporter-output>
          </reporter-output>
        </test-method> <!-- productImagesCountTest -->
        <test-method signature="productImagesCountTest(java.lang.String,java.lang.String,int)[pri:0, instance:com.qa.opencart.tests.ProductPageInfoTest@1972e513]" started-at="2023-08-03T12:21:36 EDT" name="productImagesCountTest" data-provider="getProductImageTestDate" finished-at="2023-08-03T12:21:44 EDT" duration-ms="8150" status="PASS">
          <params>
            <param index="0">
              <value>
                <![CDATA[iMac]]>
              </value>
            </param>
            <param index="1">
              <value>
                <![CDATA[iMac]]>
              </value>
            </param>
            <param index="2">
              <value>
                <![CDATA[3]]>
              </value>
            </param>
          </params>
          <reporter-output>
          </reporter-output>
        </test-method> <!-- productImagesCountTest -->
        <test-method signature="productImagesCountTest(java.lang.String,java.lang.String,int)[pri:0, instance:com.qa.opencart.tests.ProductPageInfoTest@1972e513]" started-at="2023-08-03T12:21:44 EDT" name="productImagesCountTest" data-provider="getProductImageTestDate" finished-at="2023-08-03T12:21:48 EDT" duration-ms="3840" status="PASS">
          <params>
            <param index="0">
              <value>
                <![CDATA[Apple]]>
              </value>
            </param>
            <param index="1">
              <value>
                <![CDATA[Apple Cinema 30"]]>
              </value>
            </param>
            <param index="2">
              <value>
                <![CDATA[6]]>
              </value>
            </param>
          </params>
          <reporter-output>
          </reporter-output>
        </test-method> <!-- productImagesCountTest -->
        <test-method signature="productImagesCountTest(java.lang.String,java.lang.String,int)[pri:0, instance:com.qa.opencart.tests.ProductPageInfoTest@1972e513]" started-at="2023-08-03T12:21:48 EDT" name="productImagesCountTest" data-provider="getProductImageTestDate" finished-at="2023-08-03T12:21:52 EDT" duration-ms="4567" status="PASS">
          <params>
            <param index="0">
              <value>
                <![CDATA[Samsung]]>
              </value>
            </param>
            <param index="1">
              <value>
                <![CDATA[Samsung SyncMaster 941BW]]>
              </value>
            </param>
            <param index="2">
              <value>
                <![CDATA[1]]>
              </value>
            </param>
          </params>
          <reporter-output>
          </reporter-output>
        </test-method> <!-- productImagesCountTest -->
        <test-method signature="productInfoTest()[pri:0, instance:com.qa.opencart.tests.ProductPageInfoTest@1972e513]" started-at="2023-08-03T12:21:52 EDT" name="productInfoTest" finished-at="2023-08-03T12:21:57 EDT" duration-ms="4601" status="PASS">
          <reporter-output>
          </reporter-output>
        </test-method> <!-- productInfoTest -->
        <test-method is-config="true" signature="tearDown()[pri:0, instance:com.qa.opencart.tests.ProductPageInfoTest@1972e513]" started-at="2023-08-03T12:21:57 EDT" name="tearDown" finished-at="2023-08-03T12:21:57 EDT" duration-ms="429" status="PASS">
          <reporter-output>
          </reporter-output>
        </test-method> <!-- tearDown -->
      </class> <!-- com.qa.opencart.tests.ProductPageInfoTest -->
    </test> <!-- Product Info Page Test -->
    <test started-at="2023-08-03T12:21:08 EDT" name="Register Page Test" finished-at="2023-08-03T12:22:03 EDT" duration-ms="54260">
      <class name="com.qa.opencart.tests.RegisterPageTest">
        <test-method is-config="true" signature="setup()[pri:0, instance:com.qa.opencart.tests.RegisterPageTest@7fd50002]" started-at="2023-08-03T12:21:08 EDT" name="setup" finished-at="2023-08-03T12:21:17 EDT" duration-ms="8817" status="PASS">
          <reporter-output>
          </reporter-output>
        </test-method> <!-- setup -->
        <test-method is-config="true" signature="regPageSetup()[pri:0, instance:com.qa.opencart.tests.RegisterPageTest@7fd50002]" started-at="2023-08-03T12:21:17 EDT" name="regPageSetup" finished-at="2023-08-03T12:21:20 EDT" duration-ms="3112" status="PASS">
          <reporter-output>
          </reporter-output>
        </test-method> <!-- regPageSetup -->
        <test-method signature="userRegTest(java.lang.String,java.lang.String,java.lang.String,java.lang.String,java.lang.String)[pri:0, instance:com.qa.opencart.tests.RegisterPageTest@7fd50002]" started-at="2023-08-03T12:21:21 EDT" name="userRegTest" data-provider="getRegTestData" finished-at="2023-08-03T12:21:36 EDT" duration-ms="14901" status="PASS">
          <params>
            <param index="0">
              <value>
                <![CDATA[ali]]>
              </value>
            </param>
            <param index="1">
              <value>
                <![CDATA[noor]]>
              </value>
            </param>
            <param index="2">
              <value>
                <![CDATA[1234569870]]>
              </value>
            </param>
            <param index="3">
              <value>
                <![CDATA[ali@123]]>
              </value>
            </param>
            <param index="4">
              <value>
                <![CDATA[yes]]>
              </value>
            </param>
          </params>
          <reporter-output>
          </reporter-output>
        </test-method> <!-- userRegTest -->
        <test-method signature="userRegTest(java.lang.String,java.lang.String,java.lang.String,java.lang.String,java.lang.String)[pri:0, instance:com.qa.opencart.tests.RegisterPageTest@7fd50002]" started-at="2023-08-03T12:21:36 EDT" name="userRegTest" data-provider="getRegTestData" finished-at="2023-08-03T12:21:50 EDT" duration-ms="13667" status="PASS">
          <params>
            <param index="0">
              <value>
                <![CDATA[noor ]]>
              </value>
            </param>
            <param index="1">
              <value>
                <![CDATA[ali]]>
              </value>
            </param>
            <param index="2">
              <value>
                <![CDATA[9874563210]]>
              </value>
            </param>
            <param index="3">
              <value>
                <![CDATA[noor@123]]>
              </value>
            </param>
            <param index="4">
              <value>
                <![CDATA[no]]>
              </value>
            </param>
          </params>
          <reporter-output>
          </reporter-output>
        </test-method> <!-- userRegTest -->
        <test-method signature="userRegTest(java.lang.String,java.lang.String,java.lang.String,java.lang.String,java.lang.String)[pri:0, instance:com.qa.opencart.tests.RegisterPageTest@7fd50002]" started-at="2023-08-03T12:21:50 EDT" name="userRegTest" data-provider="getRegTestData" finished-at="2023-08-03T12:22:02 EDT" duration-ms="12266" status="PASS">
          <params>
            <param index="0">
              <value>
                <![CDATA[robin]]>
              </value>
            </param>
            <param index="1">
              <value>
                <![CDATA[khan]]>
              </value>
            </param>
            <param index="2">
              <value>
                <![CDATA[1239874560]]>
              </value>
            </param>
            <param index="3">
              <value>
                <![CDATA[robin@123]]>
              </value>
            </param>
            <param index="4">
              <value>
                <![CDATA[yes]]>
              </value>
            </param>
          </params>
          <reporter-output>
          </reporter-output>
        </test-method> <!-- userRegTest -->
        <test-method is-config="true" signature="tearDown()[pri:0, instance:com.qa.opencart.tests.RegisterPageTest@7fd50002]" started-at="2023-08-03T12:22:02 EDT" name="tearDown" finished-at="2023-08-03T12:22:03 EDT" duration-ms="325" status="PASS">
          <reporter-output>
          </reporter-output>
        </test-method> <!-- tearDown -->
      </class> <!-- com.qa.opencart.tests.RegisterPageTest -->
    </test> <!-- Register Page Test -->
  </suite> <!-- Opencart App Test Regression Suite -->
</testng-results>
